{"C:\\Users\\lenovo\\Documents\\meikeyun-create-app\\client\\page\\PageA.jsx": {"path":"C:\\Users\\lenovo\\Documents\\meikeyun-create-app\\client\\page\\PageA.jsx","statementMap":{"0":{"start":{"line":5,"column":4},"end":{"line":5,"column":25}}},"fnMap":{"0":{"name":"(anonymous_0)","decl":{"start":{"line":4,"column":2},"end":{"line":4,"column":3}},"loc":{"start":{"line":4,"column":11},"end":{"line":6,"column":3}},"line":4}},"branchMap":{},"s":{"0":1},"f":{"0":1},"b":{},"_coverageSchema":"43e27e138ebf9cfc5966b082cf9a028302ed4184","hash":"b4d6e511533122b798bbb205bfd833fe0f795071"}
,"C:\\Users\\lenovo\\Documents\\meikeyun-create-app\\client\\page\\PageB.jsx": {"path":"C:\\Users\\lenovo\\Documents\\meikeyun-create-app\\client\\page\\PageB.jsx","statementMap":{"0":{"start":{"line":6,"column":4},"end":{"line":6,"column":51}}},"fnMap":{"0":{"name":"(anonymous_0)","decl":{"start":{"line":5,"column":2},"end":{"line":5,"column":3}},"loc":{"start":{"line":5,"column":11},"end":{"line":7,"column":3}},"line":5}},"branchMap":{},"s":{"0":1},"f":{"0":1},"b":{},"_coverageSchema":"43e27e138ebf9cfc5966b082cf9a028302ed4184","hash":"ea0d6966a6812b86367396498e942f31ca55f19d"}
}
